[2025-07-19 15:49:43] [INFO] Starting GitHub Shell Manager
[2025-07-19 15:49:43] [INFO] Todo No: srv-tools#101, Stage: 1
[2025-07-20 00:49:43] [INFO] Executing: echo 'Stage 1: Creating migration file migration20250720004.go for srv-tools#101'
[2025-07-20 00:49:43] [INFO] Command completed successfully
[2025-07-20 00:49:44] [INFO] Executing: echo 'Migration: migration20250720004'
[2025-07-20 00:49:44] [INFO] Command completed successfully
[2025-07-20 00:49:45] [INFO] Executing: echo 'File created successfully'
[2025-07-20 00:49:45] [INFO] Command completed successfully
[2025-07-20 00:49:46] [INFO] Successfully executed stage 1 for srv-tools#101
[2025-07-20 00:49:46] [INFO] Process completed successfully!
[2025-07-19 15:50:43] [INFO] Starting GitHub Shell Manager
[2025-07-19 15:50:43] [INFO] Todo No: srv-tools#101, Stage: 2
[2025-07-20 00:50:43] [INFO] Executing: echo 'Stage 2: Git operations for srv-tools#101'
[2025-07-20 00:50:43] [INFO] Command completed successfully
[2025-07-20 00:50:44] [INFO] Executing: git add .
[2025-07-20 00:50:44] [INFO] Command completed successfully
[2025-07-20 00:50:45] [INFO] Executing: git commit -m 'Add migration migration20250720004 for srv-tools#101'
[2025-07-20 00:50:46] [INFO] Command completed successfully
[2025-07-20 00:50:47] [INFO] Executing: echo 'Git commit completed'
[2025-07-20 00:50:47] [INFO] Command completed successfully
[2025-07-20 00:50:48] [INFO] Successfully executed stage 2 for srv-tools#101
[2025-07-20 00:50:48] [INFO] Process completed successfully!
[2025-07-19 15:50:58] [INFO] Starting GitHub Shell Manager
[2025-07-19 15:50:58] [INFO] Todo No: srv-tools#101, Stage: 3
[2025-07-20 00:50:58] [INFO] Executing: echo 'Stage 3: Push to remote for srv-tools#101'
[2025-07-20 00:50:58] [INFO] Command completed successfully
[2025-07-20 00:50:59] [INFO] Executing: git push origin main
[2025-07-20 00:51:01] [INFO] Command completed successfully
[2025-07-20 00:51:02] [INFO] Executing: echo 'Push completed'
[2025-07-20 00:51:02] [INFO] Command completed successfully
[2025-07-20 00:51:03] [INFO] Successfully executed stage 3 for srv-tools#101
[2025-07-20 00:51:03] [INFO] Process completed successfully!
